[2024-11-22 01:05:41,413: INFO: main: welcome to u]
[2024-11-23 22:18:20,378: INFO: common: yaml file: config\config.yaml loaded successfully]
[2024-11-23 22:18:20,380: INFO: common: yaml file: params.yaml loaded successfully]
[2024-11-23 22:24:39,860: INFO: common: yaml file: config\config.yaml loaded successfully]
[2024-11-23 22:24:39,867: INFO: common: yaml file: params.yaml loaded successfully]
[2024-11-23 22:24:39,870: INFO: common: yaml file: schema.yaml loaded successfully]
[2024-11-23 22:24:39,873: INFO: common: created directory at: artifacts]
[2024-11-23 22:24:39,874: INFO: common: created directory at: artifacts/data_ingestion]
[2024-11-23 22:24:41,149: INFO: 251335794: artifacts/data_ingestion/data.zip download! with following info: 
Connection: close
Content-Length: 23329
Cache-Control: max-age=300
Content-Security-Policy: default-src 'none'; style-src 'unsafe-inline'; sandbox
Content-Type: application/zip
ETag: "c69888a4ae59bc5a893392785a938ccd4937981c06ba8a9d6a21aa52b4ab5b6e"
Strict-Transport-Security: max-age=31536000
X-Content-Type-Options: nosniff
X-Frame-Options: deny
X-XSS-Protection: 1; mode=block
X-GitHub-Request-Id: F8BF:83543:274B5F2:2913CF2:67423A0A
Accept-Ranges: bytes
Date: Sat, 23 Nov 2024 20:24:42 GMT
Via: 1.1 varnish
X-Served-By: cache-mrs1050086-MRS
X-Cache: MISS
X-Cache-Hits: 0
X-Timer: S1732393483.671030,VS0,VE212
Vary: Authorization,Accept-Encoding,Origin
Access-Control-Allow-Origin: *
Cross-Origin-Resource-Policy: cross-origin
X-Fastly-Request-ID: 5c03f66f044fb1ba157ae35e7dd2ffa2da7b4a48
Expires: Sat, 23 Nov 2024 20:29:42 GMT
Source-Age: 0

]
[2024-11-23 22:53:16,106: INFO: main: >>>>>> stage Data Ingestion Stage started <<<<<<]
[2024-11-23 22:53:16,109: INFO: common: yaml file: config\config.yaml loaded successfully]
[2024-11-23 22:53:16,110: INFO: common: yaml file: params.yaml loaded successfully]
[2024-11-23 22:53:16,110: INFO: common: yaml file: schema.yaml loaded successfully]
[2024-11-23 22:53:16,111: INFO: common: created directory at: artifacts]
[2024-11-23 22:53:16,111: INFO: common: created directory at: artifacts/data_ingestion]
[2024-11-23 22:53:17,000: INFO: data_ingestion: artifacts/data_ingestion/data.zip download! with following info: 
Connection: close
Content-Length: 23329
Cache-Control: max-age=300
Content-Security-Policy: default-src 'none'; style-src 'unsafe-inline'; sandbox
Content-Type: application/zip
ETag: "c69888a4ae59bc5a893392785a938ccd4937981c06ba8a9d6a21aa52b4ab5b6e"
Strict-Transport-Security: max-age=31536000
X-Content-Type-Options: nosniff
X-Frame-Options: deny
X-XSS-Protection: 1; mode=block
X-GitHub-Request-Id: F8BF:83543:274B5F2:2913CF2:67423A0A
Accept-Ranges: bytes
Date: Sat, 23 Nov 2024 20:53:18 GMT
Via: 1.1 varnish
X-Served-By: cache-mrs10565-MRS
X-Cache: HIT
X-Cache-Hits: 0
X-Timer: S1732395199.529595,VS0,VE191
Vary: Authorization,Accept-Encoding,Origin
Access-Control-Allow-Origin: *
Cross-Origin-Resource-Policy: cross-origin
X-Fastly-Request-ID: 971dbfc15fb6bb49fb7fb05fc386faa7ddebf775
Expires: Sat, 23 Nov 2024 20:58:18 GMT
Source-Age: 0

]
[2024-11-23 22:53:17,014: INFO: main: >>>>>> stage Data Ingestion Stage completed <<<<<<

x==========x]
[2024-11-24 03:28:11,241: INFO: common: yaml file: config\config.yaml loaded successfully]
[2024-11-24 03:28:11,245: INFO: common: yaml file: params.yaml loaded successfully]
[2024-11-24 03:28:11,249: INFO: common: yaml file: schema.yaml loaded successfully]
[2024-11-24 03:28:11,250: INFO: common: created directory at: artifacts]
[2024-11-24 03:28:11,252: INFO: common: created directory at: artifacts/data_validation]
[2024-11-24 03:38:27,306: INFO: main: >>>>>> stage Data Ingestion Stage started <<<<<<]
[2024-11-24 03:38:27,329: INFO: common: yaml file: config\config.yaml loaded successfully]
[2024-11-24 03:38:27,330: INFO: common: yaml file: params.yaml loaded successfully]
[2024-11-24 03:38:27,332: INFO: common: yaml file: schema.yaml loaded successfully]
[2024-11-24 03:38:27,332: INFO: common: created directory at: artifacts]
[2024-11-24 03:38:27,332: ERROR: main: 'ConfigurationManager' object has no attribute 'get_data_ingestion_config']
Traceback (most recent call last):
  File "F:\mlops\datascienceproject\main.py", line 10, in <module>
    obj.initiate_data_ingestion()
  File "F:\mlops\datascienceproject\src\datascience\pipeline\data_ingestion_pipeline.py", line 14, in initiate_data_ingestion
    data_ingestion_config=config.get_data_ingestion_config()
AttributeError: 'ConfigurationManager' object has no attribute 'get_data_ingestion_config'
[2024-11-24 03:45:37,830: INFO: main: >>>>>> stage Data Ingestion Stage started <<<<<<]
[2024-11-24 03:45:37,834: INFO: common: yaml file: config\config.yaml loaded successfully]
[2024-11-24 03:45:37,835: INFO: common: yaml file: params.yaml loaded successfully]
[2024-11-24 03:45:37,837: INFO: common: yaml file: schema.yaml loaded successfully]
[2024-11-24 03:45:37,838: INFO: common: created directory at: artifacts]
[2024-11-24 03:45:37,839: INFO: common: created directory at: artifacts/data_ingestion]
[2024-11-24 03:45:37,839: INFO: data_ingestion: File already exists]
[2024-11-24 03:45:38,007: INFO: main: >>>>>> stage Data Ingestion Stage completed <<<<<<

x==========x]
[2024-11-24 03:45:38,007: INFO: main: >>>>>> stage Data Validation stage started <<<<<<]
[2024-11-24 03:45:38,010: INFO: common: yaml file: config\config.yaml loaded successfully]
[2024-11-24 03:45:38,011: INFO: common: yaml file: params.yaml loaded successfully]
[2024-11-24 03:45:38,012: INFO: common: yaml file: schema.yaml loaded successfully]
[2024-11-24 03:45:38,013: INFO: common: created directory at: artifacts]
[2024-11-24 03:45:38,013: INFO: common: created directory at: artifacts/data_validation]
[2024-11-24 03:45:38,059: INFO: main: >>>>>> stage Data Validation stage completed <<<<<<

x==========x]
[2024-11-24 03:57:18,093: INFO: common: yaml file: config\config.yaml loaded successfully]
[2024-11-24 03:57:18,095: INFO: common: yaml file: params.yaml loaded successfully]
[2024-11-24 03:57:18,098: INFO: common: yaml file: schema.yaml loaded successfully]
[2024-11-24 03:57:18,099: INFO: common: created directory at: artifacts]
[2024-11-24 03:57:18,101: INFO: common: created directory at: artifacts/data_transformation]
[2024-11-24 03:57:18,185: INFO: 741865018: Splited data into training and test sets]
[2024-11-24 03:57:18,186: INFO: 741865018: (1199, 12)]
[2024-11-24 03:57:18,188: INFO: 741865018: (400, 12)]
[2024-11-24 13:19:35,872: INFO: main: >>>>>> stage Data Ingestion Stage started <<<<<<]
[2024-11-24 13:19:35,882: INFO: common: yaml file: config\config.yaml loaded successfully]
[2024-11-24 13:19:35,887: INFO: common: yaml file: params.yaml loaded successfully]
[2024-11-24 13:19:35,894: INFO: common: yaml file: schema.yaml loaded successfully]
[2024-11-24 13:19:35,895: INFO: common: created directory at: artifacts]
[2024-11-24 13:19:35,896: INFO: common: created directory at: artifacts/data_ingestion]
[2024-11-24 13:19:35,897: INFO: data_ingestion: File already exists]
[2024-11-24 13:19:35,981: INFO: main: >>>>>> stage Data Ingestion Stage completed <<<<<<

x==========x]
[2024-11-24 13:19:35,981: INFO: main: >>>>>> stage Data Validation stage started <<<<<<]
[2024-11-24 13:19:35,985: INFO: common: yaml file: config\config.yaml loaded successfully]
[2024-11-24 13:19:35,986: INFO: common: yaml file: params.yaml loaded successfully]
[2024-11-24 13:19:35,989: INFO: common: yaml file: schema.yaml loaded successfully]
[2024-11-24 13:19:35,990: INFO: common: created directory at: artifacts]
[2024-11-24 13:19:35,990: INFO: common: created directory at: artifacts/data_validation]
[2024-11-24 13:19:36,007: INFO: main: >>>>>> stage Data Validation stage completed <<<<<<

x==========x]
[2024-11-24 13:19:36,008: INFO: main: >>>>>> stage Data Transformation stage started <<<<<<]
[2024-11-24 13:19:36,017: INFO: common: yaml file: config\config.yaml loaded successfully]
[2024-11-24 13:19:36,019: INFO: common: yaml file: params.yaml loaded successfully]
[2024-11-24 13:19:36,021: INFO: common: yaml file: schema.yaml loaded successfully]
[2024-11-24 13:19:36,022: INFO: common: created directory at: artifacts]
[2024-11-24 13:19:36,023: INFO: common: created directory at: artifacts/data_transformation]
[2024-11-24 13:19:36,023: INFO: main: >>>>>> stage Data Transformation stage completed <<<<<<

x==========x]
[2024-11-24 13:20:51,006: INFO: main: >>>>>> stage Data Ingestion Stage started <<<<<<]
[2024-11-24 13:20:51,011: INFO: common: yaml file: config\config.yaml loaded successfully]
[2024-11-24 13:20:51,012: INFO: common: yaml file: params.yaml loaded successfully]
[2024-11-24 13:20:51,014: INFO: common: yaml file: schema.yaml loaded successfully]
[2024-11-24 13:20:51,016: INFO: common: created directory at: artifacts]
[2024-11-24 13:20:51,017: INFO: common: created directory at: artifacts/data_ingestion]
[2024-11-24 13:20:51,017: INFO: data_ingestion: File already exists]
[2024-11-24 13:20:51,021: INFO: main: >>>>>> stage Data Ingestion Stage completed <<<<<<

x==========x]
[2024-11-24 13:20:51,021: INFO: main: >>>>>> stage Data Validation stage started <<<<<<]
[2024-11-24 13:20:51,028: INFO: common: yaml file: config\config.yaml loaded successfully]
[2024-11-24 13:20:51,030: INFO: common: yaml file: params.yaml loaded successfully]
[2024-11-24 13:20:51,034: INFO: common: yaml file: schema.yaml loaded successfully]
[2024-11-24 13:20:51,035: INFO: common: created directory at: artifacts]
[2024-11-24 13:20:51,036: INFO: common: created directory at: artifacts/data_validation]
[2024-11-24 13:20:51,060: INFO: main: >>>>>> stage Data Validation stage completed <<<<<<

x==========x]
[2024-11-24 13:20:51,061: INFO: main: >>>>>> stage Data Transformation stage started <<<<<<]
[2024-11-24 13:20:51,068: INFO: common: yaml file: config\config.yaml loaded successfully]
[2024-11-24 13:20:51,069: INFO: common: yaml file: params.yaml loaded successfully]
[2024-11-24 13:20:51,073: INFO: common: yaml file: schema.yaml loaded successfully]
[2024-11-24 13:20:51,074: INFO: common: created directory at: artifacts]
[2024-11-24 13:20:51,075: INFO: common: created directory at: artifacts/data_transformation]
[2024-11-24 13:20:51,112: INFO: data_transformation: Splited data into training and test sets]
[2024-11-24 13:20:51,112: INFO: data_transformation: (1199, 12)]
[2024-11-24 13:20:51,112: INFO: data_transformation: (400, 12)]
[2024-11-24 13:20:51,113: INFO: main: >>>>>> stage Data Transformation stage completed <<<<<<

x==========x]
[2024-11-24 13:24:28,996: INFO: common: yaml file: config\config.yaml loaded successfully]
[2024-11-24 13:24:29,001: INFO: common: yaml file: params.yaml loaded successfully]
[2024-11-24 13:24:29,004: INFO: common: yaml file: schema.yaml loaded successfully]
[2024-11-24 13:24:29,006: INFO: common: created directory at: artifacts]
[2024-11-24 13:24:29,008: INFO: common: created directory at: artifacts/model_trainer]
[2024-11-25 00:16:51,068: INFO: main: >>>>>> stage Data Ingestion Stage started <<<<<<]
[2024-11-25 00:16:51,109: INFO: common: yaml file: config\config.yaml loaded successfully]
[2024-11-25 00:16:51,114: INFO: common: yaml file: params.yaml loaded successfully]
[2024-11-25 00:16:51,122: INFO: common: yaml file: schema.yaml loaded successfully]
[2024-11-25 00:16:51,124: INFO: common: created directory at: artifacts]
[2024-11-25 00:16:51,124: INFO: common: created directory at: artifacts/data_ingestion]
[2024-11-25 00:16:51,125: INFO: data_ingestion: File already exists]
[2024-11-25 00:16:51,238: INFO: main: >>>>>> stage Data Ingestion Stage completed <<<<<<

x==========x]
[2024-11-25 00:16:51,239: INFO: main: >>>>>> stage Data Validation stage started <<<<<<]
[2024-11-25 00:16:51,244: INFO: common: yaml file: config\config.yaml loaded successfully]
[2024-11-25 00:16:51,246: INFO: common: yaml file: params.yaml loaded successfully]
[2024-11-25 00:16:51,249: INFO: common: yaml file: schema.yaml loaded successfully]
[2024-11-25 00:16:51,251: INFO: common: created directory at: artifacts]
[2024-11-25 00:16:51,252: INFO: common: created directory at: artifacts/data_validation]
[2024-11-25 00:16:51,271: INFO: main: >>>>>> stage Data Validation stage completed <<<<<<

x==========x]
[2024-11-25 00:16:51,272: INFO: main: >>>>>> stage Data Transformation stage started <<<<<<]
[2024-11-25 00:16:51,286: INFO: common: yaml file: config\config.yaml loaded successfully]
[2024-11-25 00:16:51,288: INFO: common: yaml file: params.yaml loaded successfully]
[2024-11-25 00:16:51,291: INFO: common: yaml file: schema.yaml loaded successfully]
[2024-11-25 00:16:51,292: INFO: common: created directory at: artifacts]
[2024-11-25 00:16:51,292: INFO: common: created directory at: artifacts/data_transformation]
[2024-11-25 00:16:51,390: INFO: data_transformation: Splited data into training and test sets]
[2024-11-25 00:16:51,391: INFO: data_transformation: (1199, 12)]
[2024-11-25 00:16:51,391: INFO: data_transformation: (400, 12)]
[2024-11-25 00:16:51,392: INFO: main: >>>>>> stage Data Transformation stage completed <<<<<<

x==========x]
[2024-11-25 00:16:51,393: INFO: main: >>>>>> stage Model Trainer stage started <<<<<<]
[2024-11-25 00:16:51,393: ERROR: main: name 'ModelTrainerTrainingPipeline' is not defined]
Traceback (most recent call last):
  File "F:\mlops\datascienceproject\main.py", line 40, in <module>
    data_ingestion = ModelTrainerTrainingPipeline()
NameError: name 'ModelTrainerTrainingPipeline' is not defined
[2024-11-25 00:17:44,728: INFO: main: >>>>>> stage Data Ingestion Stage started <<<<<<]
[2024-11-25 00:17:44,731: INFO: common: yaml file: config\config.yaml loaded successfully]
[2024-11-25 00:17:44,732: INFO: common: yaml file: params.yaml loaded successfully]
[2024-11-25 00:17:44,734: INFO: common: yaml file: schema.yaml loaded successfully]
[2024-11-25 00:17:44,735: INFO: common: created directory at: artifacts]
[2024-11-25 00:17:44,735: INFO: common: created directory at: artifacts/data_ingestion]
[2024-11-25 00:17:44,736: INFO: data_ingestion: File already exists]
[2024-11-25 00:17:44,739: INFO: main: >>>>>> stage Data Ingestion Stage completed <<<<<<

x==========x]
[2024-11-25 00:17:44,740: INFO: main: >>>>>> stage Data Validation stage started <<<<<<]
[2024-11-25 00:17:44,744: INFO: common: yaml file: config\config.yaml loaded successfully]
[2024-11-25 00:17:44,745: INFO: common: yaml file: params.yaml loaded successfully]
[2024-11-25 00:17:44,748: INFO: common: yaml file: schema.yaml loaded successfully]
[2024-11-25 00:17:44,748: INFO: common: created directory at: artifacts]
[2024-11-25 00:17:44,749: INFO: common: created directory at: artifacts/data_validation]
[2024-11-25 00:17:44,771: INFO: main: >>>>>> stage Data Validation stage completed <<<<<<

x==========x]
[2024-11-25 00:17:44,771: INFO: main: >>>>>> stage Data Transformation stage started <<<<<<]
[2024-11-25 00:17:44,779: INFO: common: yaml file: config\config.yaml loaded successfully]
[2024-11-25 00:17:44,781: INFO: common: yaml file: params.yaml loaded successfully]
[2024-11-25 00:17:44,785: INFO: common: yaml file: schema.yaml loaded successfully]
[2024-11-25 00:17:44,786: INFO: common: created directory at: artifacts]
[2024-11-25 00:17:44,786: INFO: common: created directory at: artifacts/data_transformation]
[2024-11-25 00:17:44,818: INFO: data_transformation: Splited data into training and test sets]
[2024-11-25 00:17:44,818: INFO: data_transformation: (1199, 12)]
[2024-11-25 00:17:44,819: INFO: data_transformation: (400, 12)]
[2024-11-25 00:17:44,819: INFO: main: >>>>>> stage Data Transformation stage completed <<<<<<

x==========x]
[2024-11-25 00:17:44,820: INFO: main: >>>>>> stage Model Trainer stage started <<<<<<]
[2024-11-25 00:17:44,825: INFO: common: yaml file: config\config.yaml loaded successfully]
[2024-11-25 00:17:44,827: INFO: common: yaml file: params.yaml loaded successfully]
[2024-11-25 00:17:44,831: INFO: common: yaml file: schema.yaml loaded successfully]
[2024-11-25 00:17:44,832: INFO: common: created directory at: artifacts]
[2024-11-25 00:17:44,832: INFO: common: created directory at: artifacts/model_trainer]
[2024-11-25 00:17:44,833: ERROR: main: 'NoneType' object has no attribute 'train_data_path']
Traceback (most recent call last):
  File "F:\mlops\datascienceproject\main.py", line 42, in <module>
    data_ingestion.initiate_model_training()
  File "F:\mlops\datascienceproject\src\datascience\pipeline\model_trainer_pipeline.py", line 16, in initiate_model_training
    model_trainer_config.train()
  File "F:\mlops\datascienceproject\src\datascience\components\model_trainer.py", line 14, in train
    train_data = pd.read_csv(self.config.train_data_path)
AttributeError: 'NoneType' object has no attribute 'train_data_path'
[2024-11-25 00:21:15,671: INFO: main: >>>>>> stage Data Ingestion Stage started <<<<<<]
[2024-11-25 00:21:15,674: INFO: common: yaml file: config\config.yaml loaded successfully]
[2024-11-25 00:21:15,675: INFO: common: yaml file: params.yaml loaded successfully]
[2024-11-25 00:21:15,678: INFO: common: yaml file: schema.yaml loaded successfully]
[2024-11-25 00:21:15,679: INFO: common: created directory at: artifacts]
[2024-11-25 00:21:15,680: INFO: common: created directory at: artifacts/data_ingestion]
[2024-11-25 00:21:15,680: INFO: data_ingestion: File already exists]
[2024-11-25 00:21:15,684: INFO: main: >>>>>> stage Data Ingestion Stage completed <<<<<<

x==========x]
[2024-11-25 00:21:15,684: INFO: main: >>>>>> stage Data Validation stage started <<<<<<]
[2024-11-25 00:21:15,688: INFO: common: yaml file: config\config.yaml loaded successfully]
[2024-11-25 00:21:15,688: INFO: common: yaml file: params.yaml loaded successfully]
[2024-11-25 00:21:15,690: INFO: common: yaml file: schema.yaml loaded successfully]
[2024-11-25 00:21:15,691: INFO: common: created directory at: artifacts]
[2024-11-25 00:21:15,692: INFO: common: created directory at: artifacts/data_validation]
[2024-11-25 00:21:15,709: INFO: main: >>>>>> stage Data Validation stage completed <<<<<<

x==========x]
[2024-11-25 00:21:15,709: INFO: main: >>>>>> stage Data Transformation stage started <<<<<<]
[2024-11-25 00:21:15,715: INFO: common: yaml file: config\config.yaml loaded successfully]
[2024-11-25 00:21:15,716: INFO: common: yaml file: params.yaml loaded successfully]
[2024-11-25 00:21:15,719: INFO: common: yaml file: schema.yaml loaded successfully]
[2024-11-25 00:21:15,720: INFO: common: created directory at: artifacts]
[2024-11-25 00:21:15,720: INFO: common: created directory at: artifacts/data_transformation]
[2024-11-25 00:21:15,738: INFO: data_transformation: Splited data into training and test sets]
[2024-11-25 00:21:15,738: INFO: data_transformation: (1199, 12)]
[2024-11-25 00:21:15,739: INFO: data_transformation: (400, 12)]
[2024-11-25 00:21:15,739: INFO: main: >>>>>> stage Data Transformation stage completed <<<<<<

x==========x]
[2024-11-25 00:21:15,740: INFO: main: >>>>>> stage Model Trainer stage started <<<<<<]
[2024-11-25 00:21:15,743: INFO: common: yaml file: config\config.yaml loaded successfully]
[2024-11-25 00:21:15,745: INFO: common: yaml file: params.yaml loaded successfully]
[2024-11-25 00:21:15,748: INFO: common: yaml file: schema.yaml loaded successfully]
[2024-11-25 00:21:15,748: INFO: common: created directory at: artifacts]
[2024-11-25 00:21:15,748: INFO: common: created directory at: artifacts/model_trainer]
[2024-11-25 00:21:15,775: INFO: main: >>>>>> stage Model Trainer stage completed <<<<<<

x==========x]
